<?xml version="1.0" encoding="UTF-8"?>
<testng-results ignored="0" total="1" passed="1" failed="0" skipped="0">
  <reporter-output>
  </reporter-output>
  <suite started-at="2022-06-19T06:30:46Z" name="Suite" finished-at="2022-06-19T06:30:50Z" duration-ms="3398">
    <groups>
    </groups>
    <test started-at="2022-06-19T06:30:46Z" name="Test" finished-at="2022-06-19T06:30:50Z" duration-ms="3398">
      <class name="apiChaining.EndToEndTest">
        <test-method signature="test1()[pri:0, instance:apiChaining.EndToEndTest@934b6cb]" started-at="2022-06-19T06:30:46Z" name="test1" finished-at="2022-06-19T06:30:50Z" duration-ms="3360" status="PASS">
          <reporter-output>
          </reporter-output>
        </test-method> <!-- test1 -->
      </class> <!-- apiChaining.EndToEndTest -->
    </test> <!-- Test -->
  </suite> <!-- Suite -->
</testng-results>
